<?xml version="1.0" encoding="UTF-8"?>
<!-- Generated by org.testng.reporters.JUnitReportReporter -->
<testsuite skipped="0" hostname="lenovo-PC" name="com.inetbanking.testCases.DeleteAcountTest" tests="3" failures="0" timestamp="23 May 2020 13:52:54 GMT" time="49.542" errors="0">
  <testcase name="deleteaccoun_with_Char_as_AccountNo" time="15.049" classname="com.inetbanking.testCases.DeleteAcountTest"/>
  <testcase name="deleteaccoun_with_emptyAccountNo" time="11.715" classname="com.inetbanking.testCases.DeleteAcountTest"/>
  <testcase name="deleteaccount" time="22.778" classname="com.inetbanking.testCases.DeleteAcountTest"/>
</testsuite> <!-- com.inetbanking.testCases.DeleteAcountTest -->
