<?xml version="1.0" encoding="UTF-8"?>
<!-- Generated by org.testng.reporters.JUnitReportReporter -->
<testsuite skipped="0" hostname="lenovo-PC" name="com.inetbanking.testCases.EditAccountTest" tests="1" failures="0" timestamp="22 May 2020 11:47:10 GMT" time="24.949" errors="0">
  <testcase name="editAccount" time="24.949" classname="com.inetbanking.testCases.EditAccountTest"/>
</testsuite> <!-- com.inetbanking.testCases.EditAccountTest -->
