<?xml version="1.0" encoding="UTF-8"?>
<!-- Generated by org.testng.reporters.JUnitReportReporter -->
<testsuite skipped="0" hostname="lenovo-PC" name="com.inetbanking.testCases.NewAccountTest" tests="1" failures="0" timestamp="22 May 2020 12:35:26 GMT" time="15.754" errors="0">
  <testcase name="createNewAccount" time="15.754" classname="com.inetbanking.testCases.NewAccountTest"/>
</testsuite> <!-- com.inetbanking.testCases.NewAccountTest -->
