<?xml version="1.0" encoding="UTF-8"?>
<!-- Generated by org.testng.reporters.JUnitReportReporter -->
<testsuite skipped="0" hostname="lenovo-PC" name="com.inetbanking.testCases.DepositeTest" tests="1" failures="0" timestamp="25 May 2020 06:00:06 GMT" time="22.591" errors="0">
  <testcase name="deposite" time="22.591" classname="com.inetbanking.testCases.DepositeTest"/>
</testsuite> <!-- com.inetbanking.testCases.DepositeTest -->
