<?xml version="1.0" encoding="UTF-8"?>
<!-- Generated by org.testng.reporters.JUnitReportReporter -->
<testsuite skipped="0" hostname="lenovo-PC" name="com.inetbanking.testCases.LoginTest" tests="3" failures="0" timestamp="20 May 2020 12:43:33 GMT" time="12.737" errors="0">
  <testcase name="InvalidUserLogin" time="3.396" classname="com.inetbanking.testCases.LoginTest"/>
  <testcase name="InvalidPasswordLogin" time="2.901" classname="com.inetbanking.testCases.LoginTest"/>
  <testcase name="validlogin" time="6.440" classname="com.inetbanking.testCases.LoginTest"/>
</testsuite> <!-- com.inetbanking.testCases.LoginTest -->
